<?xml version="1.0" encoding="UTF-8"?>
<testsuite xmlns:xsi="http://www.w3.org/2001/XMLSchema-instance" xsi:noNamespaceSchemaLocation="https://maven.apache.org/surefire/maven-surefire-plugin/xsd/surefire-test-report.xsd" version="3.0.2" name="com.dby.user.UserServiceIntegrationTest" time="6.375" tests="6" errors="0" skipped="0" failures="0">
  <properties>
[...]
</properties>
  <testcase name="shouldGetUserById" classname="com.dby.user.UserServiceIntegrationTest" time="0.943">
    <system-out><![CDATA[10:05:36.817 [main] INFO org.springframework.test.context.support.AnnotationConfigContextLoaderUtils -- Could not detect default configuration classes for test class [com.dby.user.UserServiceIntegrationTest]: UserServiceIntegrationTest does not declare any static, non-private, non-final, nested classes annotated with @Configuration.
10:05:36.912 [main] INFO org.springframework.boot.test.context.SpringBootTestContextBootstrapper -- Found @SpringBootConfiguration com.dby.user.UserServiceApplication for test class com.dby.user.UserServiceIntegrationTest

  .   ____          _            __ _ _
 /\\ / ___'_ __ _ _(_)_ __  __ _ \ \ \ \
( ( )\___ | '_ | '_| | '_ \/ _` | \ \ \ \
 \\/  ___)| |_)| | | | | || (_| |  ) ) ) )
  '  |____| .__|_| |_|_| |_\__, | / / / /
 =========|_|==============|___/=/_/_/_/
 :: Spring Boot ::                (v3.2.3)

2026-03-16T10:05:37.321Z  INFO 7629 --- [user-service] [           main] c.dby.user.UserServiceIntegrationTest    : Starting UserServiceIntegrationTest using Java 17.0.18 with PID 7629 (started by runner in /home/runner/work/dby/dby/user-service)
2026-03-16T10:05:37.321Z DEBUG 7629 --- [user-service] [           main] c.dby.user.UserServiceIntegrationTest    : Running with Spring Boot v3.2.3, Spring v6.1.4
2026-03-16T10:05:37.322Z  INFO 7629 --- [user-service] [           main] c.dby.user.UserServiceIntegrationTest    : No active profile set, falling back to 1 default profile: "default"
2026-03-16T10:05:38.226Z  INFO 7629 --- [user-service] [           main] .s.d.r.c.RepositoryConfigurationDelegate : Bootstrapping Spring Data JPA repositories in DEFAULT mode.
2026-03-16T10:05:38.261Z  INFO 7629 --- [user-service] [           main] .s.d.r.c.RepositoryConfigurationDelegate : Finished Spring Data repository scanning in 29 ms. Found 1 JPA repository interface.
2026-03-16T10:05:38.824Z  INFO 7629 --- [user-service] [           main] o.hibernate.jpa.internal.util.LogHelper  : HHH000204: Processing PersistenceUnitInfo [name: default]
2026-03-16T10:05:38.859Z  INFO 7629 --- [user-service] [           main] org.hibernate.Version                    : HHH000412: Hibernate ORM core version 6.4.4.Final
2026-03-16T10:05:38.881Z  INFO 7629 --- [user-service] [           main] o.h.c.internal.RegionFactoryInitiator    : HHH000026: Second-level cache disabled
2026-03-16T10:05:39.041Z  INFO 7629 --- [user-service] [           main] o.s.o.j.p.SpringPersistenceUnitInfo      : No LoadTimeWeaver setup: ignoring JPA class transformer
2026-03-16T10:05:39.064Z  INFO 7629 --- [user-service] [           main] com.zaxxer.hikari.HikariDataSource       : HikariPool-1 - Starting...
2026-03-16T10:05:39.223Z  INFO 7629 --- [user-service] [           main] com.zaxxer.hikari.pool.HikariPool        : HikariPool-1 - Added connection conn0: url=jdbc:h2:mem:userdb user=SA
2026-03-16T10:05:39.225Z  INFO 7629 --- [user-service] [           main] com.zaxxer.hikari.HikariDataSource       : HikariPool-1 - Start completed.
2026-03-16T10:05:39.247Z  WARN 7629 --- [user-service] [           main] org.hibernate.orm.deprecation            : HHH90000025: H2Dialect does not need to be specified explicitly using 'hibernate.dialect' (remove the property setting and it will be selected by default)
2026-03-16T10:05:39.872Z  INFO 7629 --- [user-service] [           main] o.h.e.t.j.p.i.JtaPlatformInitiator       : HHH000489: No JTA platform available (set 'hibernate.transaction.jta.platform' to enable JTA platform integration)
Hibernate: 
    drop table if exists users cascade 
Hibernate: 
    create table users (
        enabled boolean not null,
        created_at timestamp(6) not null,
        id bigint generated by default as identity,
        updated_at timestamp(6),
        username varchar(50) not null unique,
        email varchar(100) not null unique,
        nickname varchar(100),
        password varchar(255) not null,
        primary key (id)
    )
2026-03-16T10:05:39.900Z  INFO 7629 --- [user-service] [           main] j.LocalContainerEntityManagerFactoryBean : Initialized JPA EntityManagerFactory for persistence unit 'default'
2026-03-16T10:05:40.325Z  WARN 7629 --- [user-service] [           main] JpaBaseConfiguration$JpaWebConfiguration : spring.jpa.open-in-view is enabled by default. Therefore, database queries may be performed during view rendering. Explicitly configure spring.jpa.open-in-view to disable this warning
2026-03-16T10:05:40.353Z  WARN 7629 --- [user-service] [           main] .s.s.UserDetailsServiceAutoConfiguration : 

Using generated security password: fa3f38de-5560-4be7-9d72-051328665488

This generated password is for development use only. Your security configuration must be updated before running your application in production.

2026-03-16T10:05:40.868Z  INFO 7629 --- [user-service] [           main] o.s.b.a.e.web.EndpointLinksResolver      : Exposing 3 endpoint(s) beneath base path '/actuator'
2026-03-16T10:05:40.935Z  INFO 7629 --- [user-service] [           main] o.s.s.web.DefaultSecurityFilterChain     : Will secure any request with [org.springframework.security.web.session.DisableEncodeUrlFilter@17a756db, org.springframework.security.web.context.request.async.WebAsyncManagerIntegrationFilter@2d10160a, org.springframework.security.web.context.SecurityContextHolderFilter@77a35b2f, org.springframework.security.web.header.HeaderWriterFilter@53b81a55, org.springframework.web.filter.CorsFilter@157ff8f8, org.springframework.security.web.authentication.logout.LogoutFilter@79a12552, org.springframework.security.web.savedrequest.RequestCacheAwareFilter@1d642682, org.springframework.security.web.servletapi.SecurityContextHolderAwareRequestFilter@598f6c93, org.springframework.security.web.authentication.AnonymousAuthenticationFilter@4a1abba1, org.springframework.security.web.access.ExceptionTranslationFilter@55b7f0d, org.springframework.security.web.access.intercept.AuthorizationFilter@54151d07]
2026-03-16T10:05:41.337Z  INFO 7629 --- [user-service] [           main] o.s.b.a.h2.H2ConsoleAutoConfiguration    : H2 console available at '/h2-console'. Database available at 'jdbc:h2:mem:userdb'
2026-03-16T10:05:41.411Z  INFO 7629 --- [user-service] [           main] o.s.b.t.m.w.SpringBootMockServletContext : Initializing Spring TestDispatcherServlet ''
2026-03-16T10:05:41.411Z  INFO 7629 --- [user-service] [           main] o.s.t.web.servlet.TestDispatcherServlet  : Initializing Servlet ''
2026-03-16T10:05:41.413Z  INFO 7629 --- [user-service] [           main] o.s.t.web.servlet.TestDispatcherServlet  : Completed initialization in 2 ms
2026-03-16T10:05:41.487Z  INFO 7629 --- [user-service] [           main] c.dby.user.UserServiceIntegrationTest    : Started UserServiceIntegrationTest in 4.453 seconds (process running for 5.415)
Hibernate: 
    select
        u1_0.id 
    from
        users u1_0 
    where
        u1_0.username=? 
    fetch
        first ? rows only
Hibernate: 
    select
        u1_0.id 
    from
        users u1_0 
    where
        u1_0.email=? 
    fetch
        first ? rows only
Hibernate: 
    insert 
    into
        users
        (created_at, email, enabled, nickname, password, updated_at, username, id) 
    values
        (?, ?, ?, ?, ?, ?, ?, default)
Hibernate: 
    select
        u1_0.id,
        u1_0.created_at,
        u1_0.email,
        u1_0.enabled,
        u1_0.nickname,
        u1_0.password,
        u1_0.updated_at,
        u1_0.username 
    from
        users u1_0 
    where
        u1_0.id=?
]]></system-out>
  </testcase>
  <testcase name="shouldRejectInvalidEmail" classname="com.dby.user.UserServiceIntegrationTest" time="0.069"/>
  <testcase name="shouldRejectDuplicateUsername" classname="com.dby.user.UserServiceIntegrationTest" time="0.109">
    <system-out><![CDATA[Hibernate: 
    select
        u1_0.id 
    from
        users u1_0 
    where
        u1_0.username=? 
    fetch
        first ? rows only
Hibernate: 
    select
        u1_0.id 
    from
        users u1_0 
    where
        u1_0.email=? 
    fetch
        first ? rows only
Hibernate: 
    insert 
    into
        users
        (created_at, email, enabled, nickname, password, updated_at, username, id) 
    values
        (?, ?, ?, ?, ?, ?, ?, default)
Hibernate: 
    select
        u1_0.id 
    from
        users u1_0 
    where
        u1_0.username=? 
    fetch
        first ? rows only
]]></system-out>
  </testcase>
  <testcase name="shouldReturnNotFoundForUnknownUser" classname="com.dby.user.UserServiceIntegrationTest" time="0.012">
    <system-out><![CDATA[Hibernate: 
    select
        u1_0.id,
        u1_0.created_at,
        u1_0.email,
        u1_0.enabled,
        u1_0.nickname,
        u1_0.password,
        u1_0.updated_at,
        u1_0.username 
    from
        users u1_0 
    where
        u1_0.id=?
]]></system-out>
  </testcase>
  <testcase name="shouldRegisterNewUser" classname="com.dby.user.UserServiceIntegrationTest" time="0.103">
    <system-out><![CDATA[Hibernate: 
    select
        u1_0.id 
    from
        users u1_0 
    where
        u1_0.username=? 
    fetch
        first ? rows only
Hibernate: 
    select
        u1_0.id 
    from
        users u1_0 
    where
        u1_0.email=? 
    fetch
        first ? rows only
Hibernate: 
    insert 
    into
        users
        (created_at, email, enabled, nickname, password, updated_at, username, id) 
    values
        (?, ?, ?, ?, ?, ?, ?, default)
]]></system-out>
  </testcase>
  <testcase name="shouldEncodePassword" classname="com.dby.user.UserServiceIntegrationTest" time="0.263">
    <system-out><![CDATA[Hibernate: 
    select
        u1_0.id 
    from
        users u1_0 
    where
        u1_0.username=? 
    fetch
        first ? rows only
Hibernate: 
    select
        u1_0.id 
    from
        users u1_0 
    where
        u1_0.email=? 
    fetch
        first ? rows only
Hibernate: 
    insert 
    into
        users
        (created_at, email, enabled, nickname, password, updated_at, username, id) 
    values
        (?, ?, ?, ?, ?, ?, ?, default)
Hibernate: 
    select
        u1_0.id,
        u1_0.created_at,
        u1_0.email,
        u1_0.enabled,
        u1_0.nickname,
        u1_0.password,
        u1_0.updated_at,
        u1_0.username 
    from
        users u1_0 
    where
        u1_0.username=?
]]></system-out>
  </testcase>
</testsuite>